This is pdfTeX, Version 3.14159265-2.6-1.40.18 (TeX Live 2017) (preloaded format=pdflatex 2017.6.14)  14 APR 2020 16:28
entering extended mode
 restricted \write18 enabled.
 %&-line parsing enabled.
**specialized_fvfi.tex
(./specialized_fvfi.tex
LaTeX2e <2017-04-15>
Babel <3.10> and hyphenation patterns for 84 language(s) loaded.
(/usr/local/texlive/2017/texmf-dist/tex/latex/base/article.cls
Document Class: article 2014/09/29 v1.4h Standard LaTeX document class
(/usr/local/texlive/2017/texmf-dist/tex/latex/base/size10.clo
File: size10.clo 2014/09/29 v1.4h Standard LaTeX file (size option)
)
\c@part=\count79
\c@section=\count80
\c@subsection=\count81
\c@subsubsection=\count82
\c@paragraph=\count83
\c@subparagraph=\count84
\c@figure=\count85
\c@table=\count86
\abovecaptionskip=\skip41
\belowcaptionskip=\skip42
\bibindent=\dimen102
)
(/usr/local/texlive/2017/texmf-dist/tex/latex/algorithms/algorithm.sty
Package: algorithm 2009/08/24 v0.1 Document Style `algorithm' - floating enviro
nment

(/usr/local/texlive/2017/texmf-dist/tex/latex/float/float.sty
Package: float 2001/11/08 v1.3d Float enhancements (AL)
\c@float@type=\count87
\float@exts=\toks14
\float@box=\box26
\@float@everytoks=\toks15
\@floatcapt=\box27
)
(/usr/local/texlive/2017/texmf-dist/tex/latex/base/ifthen.sty
Package: ifthen 2014/09/29 v1.1c Standard LaTeX ifthen package (DPC)
)
\@float@every@algorithm=\toks16
\c@algorithm=\count88
)
(/usr/local/texlive/2017/texmf-dist/tex/latex/algorithmicx/algpseudocode.sty
Package: algpseudocode 

(/usr/local/texlive/2017/texmf-dist/tex/latex/algorithmicx/algorithmicx.sty
Package: algorithmicx 2005/04/27 v1.2 Algorithmicx

Document Style algorithmicx 1.2 - a greatly improved `algorithmic' style
\c@ALG@line=\count89
\c@ALG@rem=\count90
\c@ALG@nested=\count91
\ALG@tlm=\skip43
\ALG@thistlm=\skip44
\c@ALG@Lnr=\count92
\c@ALG@blocknr=\count93
\c@ALG@storecount=\count94
\c@ALG@tmpcounter=\count95
\ALG@tmplength=\skip45
)
Document Style - pseudocode environments for use with the `algorithmicx' style
) (./specialized_fvfi.aux)
\openout1 = `specialized_fvfi.aux'.

LaTeX Font Info:    Checking defaults for OML/cmm/m/it on input line 7.
LaTeX Font Info:    ... okay on input line 7.
LaTeX Font Info:    Checking defaults for T1/cmr/m/n on input line 7.
LaTeX Font Info:    ... okay on input line 7.
LaTeX Font Info:    Checking defaults for OT1/cmr/m/n on input line 7.
LaTeX Font Info:    ... okay on input line 7.
LaTeX Font Info:    Checking defaults for OMS/cmsy/m/n on input line 7.
LaTeX Font Info:    ... okay on input line 7.
LaTeX Font Info:    Checking defaults for OMX/cmex/m/n on input line 7.
LaTeX Font Info:    ... okay on input line 7.
LaTeX Font Info:    Checking defaults for U/cmr/m/n on input line 7.
LaTeX Font Info:    ... okay on input line 7.
LaTeX Font Info:    External font `cmex10' loaded for size
(Font)              <7> on input line 11.
LaTeX Font Info:    External font `cmex10' loaded for size
(Font)              <5> on input line 11.
 [1

{/usr/local/texlive/2017/texmf-var/fonts/map/pdftex/updmap/pdftex.map}] (./spec
ialized_fvfi.aux) ) 
Here is how much of TeX's memory you used:
 827 strings out of 492995
 11216 string characters out of 6132704
 64616 words of memory out of 5000000
 4446 multiletter control sequences out of 15000+600000
 3948 words of font info for 15 fonts, out of 8000000 for 9000
 1141 hyphenation exceptions out of 8191
 27i,5n,18p,287b,263s stack positions out of 5000i,500n,10000p,200000b,80000s
</usr/local/texlive/2017/texmf-dist/fonts/type1/public/amsfo
nts/cm/cmbx10.pfb></usr/local/texlive/2017/texmf-dist/fonts/type1/public/amsfon
ts/cm/cmmi10.pfb></usr/local/texlive/2017/texmf-dist/fonts/type1/public/amsfont
s/cm/cmmi7.pfb></usr/local/texlive/2017/texmf-dist/fonts/type1/public/amsfonts/
cm/cmr10.pfb></usr/local/texlive/2017/texmf-dist/fonts/type1/public/amsfonts/cm
/cmr7.pfb></usr/local/texlive/2017/texmf-dist/fonts/type1/public/amsfonts/cm/cm
sy10.pfb></usr/local/texlive/2017/texmf-dist/fonts/type1/public/amsfonts/cm/cms
y7.pfb>
Output written on specialized_fvfi.pdf (1 page, 69978 bytes).
PDF statistics:
 36 PDF objects out of 1000 (max. 8388607)
 25 compressed objects within 1 object stream
 0 named destinations out of 1000 (max. 500000)
 1 words of extra memory for PDF output out of 10000 (max. 10000000)

